[ 2017-02-15T22:46:54+08:00 ] 127.0.0.1 /Dept
INFO: [ app_init ] --START--
INFO: Run Behavior\BuildLiteBehavior [ RunTime:0.000000s ]
INFO: [ app_init ] --END-- [ RunTime:0.002001s ]
INFO: [ app_begin ] --START--
INFO: Run Behavior\ReadHtmlCacheBehavior [ RunTime:0.001000s ]
INFO: [ app_begin ] --END-- [ RunTime:0.001000s ]
SQL: SELECT d1.dept_id,d1.dept_name,d1.dept_pid,d1.dept_level,d2.dept_name dname,d1.dept_sort,d1.dept_remark FROM oa_dept d1 left join oa_dept d2 on d1.dept_pid=d2.dept_id   [ RunTime:0.0020s ]
INFO: [ view_parse ] --START--
INFO: [ template_filter ] --START--
INFO: Run Behavior\ContentReplaceBehavior [ RunTime:0.000000s ]
INFO: [ template_filter ] --END-- [ RunTime:0.000000s ]
NOTIC: [8] Use of undefined constant dept_id - assumed 'dept_id' C:\work\dev\phpstudy\WWW\myoa\application\Runtime\Cache\Admin\c89ad5afca0a00da5ff4c90b0ea5c82e.php 第 44 行.
NOTIC: [8] Use of undefined constant dept_id - assumed 'dept_id' C:\work\dev\phpstudy\WWW\myoa\application\Runtime\Cache\Admin\c89ad5afca0a00da5ff4c90b0ea5c82e.php 第 45 行.
NOTIC: [8] Use of undefined constant dept_id - assumed 'dept_id' C:\work\dev\phpstudy\WWW\myoa\application\Runtime\Cache\Admin\c89ad5afca0a00da5ff4c90b0ea5c82e.php 第 44 行.
NOTIC: [8] Use of undefined constant dept_id - assumed 'dept_id' C:\work\dev\phpstudy\WWW\myoa\application\Runtime\Cache\Admin\c89ad5afca0a00da5ff4c90b0ea5c82e.php 第 45 行.
NOTIC: [8] Use of undefined constant dept_id - assumed 'dept_id' C:\work\dev\phpstudy\WWW\myoa\application\Runtime\Cache\Admin\c89ad5afca0a00da5ff4c90b0ea5c82e.php 第 44 行.
NOTIC: [8] Use of undefined constant dept_id - assumed 'dept_id' C:\work\dev\phpstudy\WWW\myoa\application\Runtime\Cache\Admin\c89ad5afca0a00da5ff4c90b0ea5c82e.php 第 45 行.
NOTIC: [8] Use of undefined constant dept_id - assumed 'dept_id' C:\work\dev\phpstudy\WWW\myoa\application\Runtime\Cache\Admin\c89ad5afca0a00da5ff4c90b0ea5c82e.php 第 44 行.
NOTIC: [8] Use of undefined constant dept_id - assumed 'dept_id' C:\work\dev\phpstudy\WWW\myoa\application\Runtime\Cache\Admin\c89ad5afca0a00da5ff4c90b0ea5c82e.php 第 45 行.
NOTIC: [8] Use of undefined constant dept_id - assumed 'dept_id' C:\work\dev\phpstudy\WWW\myoa\application\Runtime\Cache\Admin\c89ad5afca0a00da5ff4c90b0ea5c82e.php 第 44 行.
NOTIC: [8] Use of undefined constant dept_id - assumed 'dept_id' C:\work\dev\phpstudy\WWW\myoa\application\Runtime\Cache\Admin\c89ad5afca0a00da5ff4c90b0ea5c82e.php 第 45 行.
NOTIC: [8] Use of undefined constant dept_id - assumed 'dept_id' C:\work\dev\phpstudy\WWW\myoa\application\Runtime\Cache\Admin\c89ad5afca0a00da5ff4c90b0ea5c82e.php 第 44 行.
NOTIC: [8] Use of undefined constant dept_id - assumed 'dept_id' C:\work\dev\phpstudy\WWW\myoa\application\Runtime\Cache\Admin\c89ad5afca0a00da5ff4c90b0ea5c82e.php 第 45 行.
NOTIC: [8] Use of undefined constant dept_id - assumed 'dept_id' C:\work\dev\phpstudy\WWW\myoa\application\Runtime\Cache\Admin\c89ad5afca0a00da5ff4c90b0ea5c82e.php 第 44 行.
NOTIC: [8] Use of undefined constant dept_id - assumed 'dept_id' C:\work\dev\phpstudy\WWW\myoa\application\Runtime\Cache\Admin\c89ad5afca0a00da5ff4c90b0ea5c82e.php 第 45 行.
INFO: Run Behavior\ParseTemplateBehavior [ RunTime:0.011001s ]
INFO: [ view_parse ] --END-- [ RunTime:0.011001s ]
INFO: [ view_filter ] --START--
INFO: Run Behavior\WriteHtmlCacheBehavior [ RunTime:0.000000s ]
INFO: [ view_filter ] --END-- [ RunTime:0.000000s ]
INFO: [ app_end ] --START--
INFO: Run Behavior\ShowPageTraceBehavior [ RunTime:0.001000s ]
INFO: [ app_end ] --END-- [ RunTime:0.001000s ]

[ 2017-02-15T22:46:54+08:00 ] 127.0.0.1 /favicon.ico
INFO: [ app_init ] --START--
INFO: Run Behavior\BuildLiteBehavior [ RunTime:0.000000s ]
INFO: [ app_init ] --END-- [ RunTime:0.000000s ]

[ 2017-02-15T22:46:57+08:00 ] 127.0.0.1 /Dept/haha
INFO: [ app_init ] --START--
INFO: Run Behavior\BuildLiteBehavior [ RunTime:0.000000s ]
INFO: [ app_init ] --END-- [ RunTime:0.015600s ]
INFO: [ app_begin ] --START--
INFO: Run Behavior\ReadHtmlCacheBehavior [ RunTime:0.000000s ]
INFO: [ app_begin ] --END-- [ RunTime:0.000000s ]
INFO: [ app_end ] --START--
INFO: Run Behavior\ShowPageTraceBehavior [ RunTime:0.000000s ]
INFO: [ app_end ] --END-- [ RunTime:0.000000s ]

